# JRE version: Java(TM) SE Runtime Environment (17.0.2+8) (build 17.0.2+8-LTS-86)
# Java VM: Java HotSpot(TM) 64-Bit Server VM (17.0.2+8-LTS-86, mixed mode, sharing, tiered, compressed oops, compressed class ptrs, g1 gc, windows-amd64)
GC Precious Log:
 CPUs: 8 total, 8 available
 Memory: 24419M
 Large Page Support: Disabled
 NUMA Support: Disabled
 Compressed Oops: Enabled (32-bit)
 Heap Region Size: 1M
 Heap Min Capacity: 8M
 Heap Initial Capacity: 382M
 Heap Max Capacity: 2G
 Pre-touch: Disabled
 Parallel Workers: 8
 Concurrent Workers: 2
 Concurrent Refinement Workers: 8
 Periodic GC: Disabled
Heap:
 garbage-first heap   total 167936K, used 111317K [0x0000000080000000, 0x0000000100000000)
  region size 1024K, 56 young (57344K), 10 survivors (10240K)
 Metaspace       used 69391K, committed 69952K, reserved 1114112K
  class space    used 9583K, committed 9856K, reserved 1048576K
GC Heap History (20 events):
Event: 8.747 GC heap before
{Heap before GC invocations=6 (full 0):
 garbage-first heap   total 75776K, used 53536K [0x0000000080000000, 0x0000000100000000)
  region size 1024K, 29 young (29696K), 3 survivors (3072K)
 Metaspace       used 33631K, committed 33984K, reserved 1081344K
  class space    used 4587K, committed 4736K, reserved 1048576K
}
Event: 8.752 GC heap after
{Heap after GC invocations=7 (full 0):
 garbage-first heap   total 75776K, used 28890K [0x0000000080000000, 0x0000000100000000)
  region size 1024K, 2 young (2048K), 2 survivors (2048K)
 Metaspace       used 33631K, committed 33984K, reserved 1081344K
  class space    used 4587K, committed 4736K, reserved 1048576K
}
Event: 9.349 GC heap before
{Heap before GC invocations=7 (full 0):
 garbage-first heap   total 75776K, used 46298K [0x0000000080000000, 0x0000000100000000)
  region size 1024K, 20 young (20480K), 2 survivors (2048K)
 Metaspace       used 35744K, committed 36096K, reserved 1081344K
  class space    used 4921K, committed 5056K, reserved 1048576K
}
Event: 9.354 GC heap after
{Heap after GC invocations=8 (full 0):
 garbage-first heap   total 75776K, used 29767K [0x0000000080000000, 0x0000000100000000)
  region size 1024K, 3 young (3072K), 3 survivors (3072K)
 Metaspace       used 35744K, committed 36096K, reserved 1081344K
  class space    used 4921K, committed 5056K, reserved 1048576K
}
Event: 10.616 GC heap before
{Heap before GC invocations=9 (full 0):
 garbage-first heap   total 75776K, used 56391K [0x0000000080000000, 0x0000000100000000)
  region size 1024K, 29 young (29696K), 3 survivors (3072K)
 Metaspace       used 37830K, committed 38208K, reserved 1089536K
  class space    used 5203K, committed 5376K, reserved 1048576K
}
Event: 10.622 GC heap after
{Heap after GC invocations=10 (full 0):
 garbage-first heap   total 75776K, used 32013K [0x0000000080000000, 0x0000000100000000)
  region size 1024K, 4 young (4096K), 4 survivors (4096K)
 Metaspace       used 37830K, committed 38208K, reserved 1089536K
  class space    used 5203K, committed 5376K, reserved 1048576K
}
Event: 11.673 GC heap before
{Heap before GC invocations=10 (full 0):
 garbage-first heap   total 75776K, used 60685K [0x0000000080000000, 0x0000000100000000)
  region size 1024K, 28 young (28672K), 4 survivors (4096K)
 Metaspace       used 38339K, committed 38720K, reserved 1089536K
  class space    used 5256K, committed 5440K, reserved 1048576K
}
Event: 11.678 GC heap after
{Heap after GC invocations=11 (full 0):
 garbage-first heap   total 75776K, used 43949K [0x0000000080000000, 0x0000000100000000)
  region size 1024K, 4 young (4096K), 4 survivors (4096K)
 Metaspace       used 38339K, committed 38720K, reserved 1089536K
  class space    used 5256K, committed 5440K, reserved 1048576K
}
Event: 12.040 GC heap before
{Heap before GC invocations=11 (full 0):
 garbage-first heap   total 75776K, used 56237K [0x0000000080000000, 0x0000000100000000)
  region size 1024K, 17 young (17408K), 4 survivors (4096K)
 Metaspace       used 39869K, committed 40256K, reserved 1089536K
  class space    used 5446K, committed 5632K, reserved 1048576K
}
Event: 12.043 GC heap after
{Heap after GC invocations=12 (full 0):
 garbage-first heap   total 75776K, used 45293K [0x0000000080000000, 0x0000000100000000)
  region size 1024K, 2 young (2048K), 2 survivors (2048K)
 Metaspace       used 39869K, committed 40256K, reserved 1089536K
  class space    used 5446K, committed 5632K, reserved 1048576K
}
Event: 12.320 GC heap before
{Heap before GC invocations=13 (full 0):
 garbage-first heap   total 83968K, used 57581K [0x0000000080000000, 0x0000000100000000)
  region size 1024K, 14 young (14336K), 2 survivors (2048K)
 Metaspace       used 41687K, committed 42112K, reserved 1089536K
  class space    used 5683K, committed 5888K, reserved 1048576K
}
Event: 12.323 GC heap after
{Heap after GC invocations=14 (full 0):
 garbage-first heap   total 83968K, used 45813K [0x0000000080000000, 0x0000000100000000)
  region size 1024K, 1 young (1024K), 1 survivors (1024K)
 Metaspace       used 41687K, committed 42112K, reserved 1089536K
  class space    used 5683K, committed 5888K, reserved 1048576K
}
Event: 12.959 GC heap before
{Heap before GC invocations=14 (full 0):
 garbage-first heap   total 83968K, used 65269K [0x0000000080000000, 0x0000000100000000)
  region size 1024K, 20 young (20480K), 1 survivors (1024K)
 Metaspace       used 45159K, committed 45632K, reserved 1089536K
  class space    used 6110K, committed 6336K, reserved 1048576K
}
Event: 12.963 GC heap after
{Heap after GC invocations=15 (full 0):
 garbage-first heap   total 237568K, used 46554K [0x0000000080000000, 0x0000000100000000)
  region size 1024K, 2 young (2048K), 2 survivors (2048K)
 Metaspace       used 45159K, committed 45632K, reserved 1089536K
  class space    used 6110K, committed 6336K, reserved 1048576K
}
Event: 15.263 GC heap before
{Heap before GC invocations=16 (full 0):
 garbage-first heap   total 167936K, used 144858K [0x0000000080000000, 0x0000000100000000)
  region size 1024K, 98 young (100352K), 2 survivors (2048K)
 Metaspace       used 53907K, committed 54400K, reserved 1097728K
  class space    used 7216K, committed 7488K, reserved 1048576K
}
Event: 15.274 GC heap after
{Heap after GC invocations=17 (full 0):
 garbage-first heap   total 167936K, used 55057K [0x0000000080000000, 0x0000000100000000)
  region size 1024K, 10 young (10240K), 10 survivors (10240K)
 Metaspace       used 53907K, committed 54400K, reserved 1097728K
  class space    used 7216K, committed 7488K, reserved 1048576K
}
Event: 17.243 GC heap before
{Heap before GC invocations=17 (full 0):
 garbage-first heap   total 167936K, used 130833K [0x0000000080000000, 0x0000000100000000)
  region size 1024K, 84 young (86016K), 10 survivors (10240K)
 Metaspace       used 61690K, committed 62272K, reserved 1105920K
  class space    used 8449K, committed 8704K, reserved 1048576K
}
Event: 17.260 GC heap after
{Heap after GC invocations=18 (full 0):
 garbage-first heap   total 167936K, used 61157K [0x0000000080000000, 0x0000000100000000)
  region size 1024K, 6 young (6144K), 6 survivors (6144K)
 Metaspace       used 61690K, committed 62272K, reserved 1105920K
  class space    used 8449K, committed 8704K, reserved 1048576K
}
Event: 19.913 GC heap before
{Heap before GC invocations=18 (full 0):
 garbage-first heap   total 167936K, used 132837K [0x0000000080000000, 0x0000000100000000)
  region size 1024K, 76 young (77824K), 6 survivors (6144K)
 Metaspace       used 68819K, committed 69376K, reserved 1114112K
  class space    used 9539K, committed 9792K, reserved 1048576K
}
Event: 19.926 GC heap after
{Heap after GC invocations=19 (full 0):
 garbage-first heap   total 167936K, used 66261K [0x0000000080000000, 0x0000000100000000)
  region size 1024K, 10 young (10240K), 10 survivors (10240K)
 Metaspace       used 68819K, committed 69376K, reserved 1114112K
  class space    used 9539K, committed 9792K, reserved 1048576K
}

